amazon_app/build/app/intermediates/manifest_merge_blame_file/debug/manifest-merger-blame-debug-report.txt
1<?xml version="1.0" encoding="utf-8"?>
2<manifest xmlns:android="http://schemas.android.com/apk/res/android"
3    package="com.example.amazon_app"
4    android:versionCode="1"
5    android:versionName="1.0.0" >
6
7    <uses-sdk
8        android:minSdkVersion="19"
9        android:targetSdkVersion="33" />
10    <!--
11         The INTERNET permission is required for development. Specifically,
12         the Flutter tool needs it to communicate with the running application
13         to allow setting breakpoints, to provide hot reload, etc.
14    -->
15    <uses-permission android:name="android.permission.INTERNET" />
15-->src\debug\AndroidManifest.xml:6:5-66
15-->src\debug\AndroidManifest.xml:6:22-64
16    <uses-permission android:name="android.permission.ACCESS_NETWORK_STATE" />
16-->[com.google.firebase:firebase-auth:22.3.0] AndroidManifest.xml:26:5-79
16-->[com.google.firebase:firebase-auth:22.3.0] AndroidManifest.xml:26:22-76
17    <uses-permission android:name="android.permission.WAKE_LOCK" /> <!-- Required by older versions of Google Play services to create IID tokens -->
17-->[com.google.firebase:firebase-iid:21.1.0] AndroidManifest.xml:24:5-68
17-->[com.google.firebase:firebase-iid:21.1.0] AndroidManifest.xml:24:22-65
18    <uses-permission android:name="com.google.android.c2dm.permission.RECEIVE" />
18-->[com.google.firebase:firebase-iid:21.1.0] AndroidManifest.xml:26:5-82
18-->[com.google.firebase:firebase-iid:21.1.0] AndroidManifest.xml:26:22-79
19
20    <permission
20-->[androidx.core:core:1.10.1] AndroidManifest.xml:22:5-24:47
21        android:name="com.example.amazon_app.DYNAMIC_RECEIVER_NOT_EXPORTED_PERMISSION"
21-->[androidx.core:core:1.10.1] AndroidManifest.xml:23:9-81
22        android:protectionLevel="signature" />
22-->[androidx.core:core:1.10.1] AndroidManifest.xml:24:9-44
23
24    <uses-permission android:name="com.example.amazon_app.DYNAMIC_RECEIVER_NOT_EXPORTED_PERMISSION" />
24-->[androidx.core:core:1.10.1] AndroidManifest.xml:26:5-97
24-->[androidx.core:core:1.10.1] AndroidManifest.xml:26:22-94
25
26    <application
27        android:name="io.flutter.app.FlutterMultiDexApplication"
28        android:appComponentFactory="androidx.core.app.CoreComponentFactory"
28-->[androidx.core:core:1.10.1] AndroidManifest.xml:28:18-86
29        android:debuggable="true"
30        android:icon="@mipmap/ic_launcher"
31        android:label="amazon_app" >
32        <activity
33            android:name="com.example.amazon_app.MainActivity"
34            android:configChanges="orientation|keyboardHidden|keyboard|screenSize|smallestScreenSize|locale|layoutDirection|fontScale|screenLayout|density|uiMode"
35            android:exported="true"
36            android:hardwareAccelerated="true"
37            android:launchMode="singleTop"
38            android:theme="@style/LaunchTheme"
39            android:windowSoftInputMode="adjustResize" >
40
41            <!--
42                 Specifies an Android theme to apply to this Activity as soon as
43                 the Android process has started. This theme is visible to the user
44                 while the Flutter UI initializes. After that, this theme continues
45                 to determine the Window background behind the Flutter UI.
46            -->
47            <meta-data
48                android:name="io.flutter.embedding.android.NormalTheme"
49                android:resource="@style/NormalTheme" />
50
51            <intent-filter>
52                <action android:name="android.intent.action.MAIN" />
53
54                <category android:name="android.intent.category.LAUNCHER" />
55            </intent-filter>
56        </activity>
57        <!--
58             Don't delete the meta-data below.
59             This is used by the Flutter tool to generate GeneratedPluginRegistrant.java
60        -->
61        <meta-data
62            android:name="flutterEmbedding"
63            android:value="2" />
64
65        <service
65-->[:cloud_functions] AndroidManifest.xml:10:9-14:19
66            android:name="com.google.firebase.components.ComponentDiscoveryService"
66-->[:cloud_functions] AndroidManifest.xml:10:18-89
67            android:directBootAware="true"
67-->[com.google.firebase:firebase-common:20.4.2] AndroidManifest.xml:32:13-43
68            android:exported="false" >
68-->[com.google.firebase:firebase-functions:20.4.0] AndroidManifest.xml:14:13-37
69            <meta-data
69-->[:cloud_functions] AndroidManifest.xml:11:13-13:85
70                android:name="com.google.firebase.components:io.flutter.plugins.firebase.functions.FlutterFirebaseAppRegistrar"
70-->[:cloud_functions] AndroidManifest.xml:12:17-128
71                android:value="com.google.firebase.components.ComponentRegistrar" />
71-->[:cloud_functions] AndroidManifest.xml:13:17-82
72            <meta-data
72-->[:firebase_auth] AndroidManifest.xml:11:13-13:85
73                android:name="com.google.firebase.components:io.flutter.plugins.firebase.auth.FlutterFirebaseAuthRegistrar"
73-->[:firebase_auth] AndroidManifest.xml:12:17-124
74                android:value="com.google.firebase.components.ComponentRegistrar" />
74-->[:firebase_auth] AndroidManifest.xml:13:17-82
75            <meta-data
75-->[:firebase_storage] AndroidManifest.xml:11:13-13:85
76                android:name="com.google.firebase.components:io.flutter.plugins.firebase.storage.FlutterFirebaseAppRegistrar"
76-->[:firebase_storage] AndroidManifest.xml:12:17-126
77                android:value="com.google.firebase.components.ComponentRegistrar" />
77-->[:firebase_storage] AndroidManifest.xml:13:17-82
78            <meta-data
78-->[:cloud_firestore] AndroidManifest.xml:11:13-13:85
79                android:name="com.google.firebase.components:io.flutter.plugins.firebase.firestore.FlutterFirebaseFirestoreRegistrar"
79-->[:cloud_firestore] AndroidManifest.xml:12:17-134
80                android:value="com.google.firebase.components.ComponentRegistrar" />
80-->[:cloud_firestore] AndroidManifest.xml:13:17-82
81            <meta-data
81-->[:firebase_core] AndroidManifest.xml:11:13-13:85
82                android:name="com.google.firebase.components:io.flutter.plugins.firebase.core.FlutterFirebaseCoreRegistrar"
82-->[:firebase_core] AndroidManifest.xml:12:17-124
83                android:value="com.google.firebase.components.ComponentRegistrar" />
83-->[:firebase_core] AndroidManifest.xml:13:17-82
84            <meta-data
84-->[com.google.firebase:firebase-functions:20.4.0] AndroidManifest.xml:15:13-17:85
85                android:name="com.google.firebase.components:com.google.firebase.functions.FirebaseFunctionsKtxRegistrar"
85-->[com.google.firebase:firebase-functions:20.4.0] AndroidManifest.xml:16:17-122
86                android:value="com.google.firebase.components.ComponentRegistrar" />
86-->[com.google.firebase:firebase-functions:20.4.0] AndroidManifest.xml:17:17-82
87            <meta-data
87-->[com.google.firebase:firebase-functions:20.4.0] AndroidManifest.xml:18:13-20:85
88                android:name="com.google.firebase.components:com.google.firebase.functions.FunctionsRegistrar"
88-->[com.google.firebase:firebase-functions:20.4.0] AndroidManifest.xml:19:17-111
89                android:value="com.google.firebase.components.ComponentRegistrar" />
89-->[com.google.firebase:firebase-functions:20.4.0] AndroidManifest.xml:20:17-82
90            <meta-data
90-->[com.google.firebase:firebase-auth:22.3.0] AndroidManifest.xml:69:13-71:85
91                android:name="com.google.firebase.components:com.google.firebase.auth.FirebaseAuthRegistrar"
91-->[com.google.firebase:firebase-auth:22.3.0] AndroidManifest.xml:70:17-109
92                android:value="com.google.firebase.components.ComponentRegistrar" />
92-->[com.google.firebase:firebase-auth:22.3.0] AndroidManifest.xml:71:17-82
93            <meta-data
93-->[com.google.firebase:firebase-firestore:24.9.1] AndroidManifest.xml:17:13-19:85
94                android:name="com.google.firebase.components:com.google.firebase.firestore.FirebaseFirestoreKtxRegistrar"
94-->[com.google.firebase:firebase-firestore:24.9.1] AndroidManifest.xml:18:17-122
95                android:value="com.google.firebase.components.ComponentRegistrar" />
95-->[com.google.firebase:firebase-firestore:24.9.1] AndroidManifest.xml:19:17-82
96            <meta-data
96-->[com.google.firebase:firebase-firestore:24.9.1] AndroidManifest.xml:20:13-22:85
97                android:name="com.google.firebase.components:com.google.firebase.firestore.FirestoreRegistrar"
97-->[com.google.firebase:firebase-firestore:24.9.1] AndroidManifest.xml:21:17-111
98                android:value="com.google.firebase.components.ComponentRegistrar" />
98-->[com.google.firebase:firebase-firestore:24.9.1] AndroidManifest.xml:22:17-82
99            <meta-data
99-->[com.google.firebase:firebase-storage:20.3.0] AndroidManifest.xml:30:13-32:85
100                android:name="com.google.firebase.components:com.google.firebase.storage.FirebaseStorageKtxRegistrar"
100-->[com.google.firebase:firebase-storage:20.3.0] AndroidManifest.xml:31:17-118
101                android:value="com.google.firebase.components.ComponentRegistrar" />
101-->[com.google.firebase:firebase-storage:20.3.0] AndroidManifest.xml:32:17-82
102            <meta-data
102-->[com.google.firebase:firebase-storage:20.3.0] AndroidManifest.xml:33:13-35:85
103                android:name="com.google.firebase.components:com.google.firebase.storage.StorageRegistrar"
103-->[com.google.firebase:firebase-storage:20.3.0] AndroidManifest.xml:34:17-107
104                android:value="com.google.firebase.components.ComponentRegistrar" />
104-->[com.google.firebase:firebase-storage:20.3.0] AndroidManifest.xml:35:17-82
105            <meta-data
105-->[com.google.firebase:firebase-appcheck:17.1.1] AndroidManifest.xml:25:13-27:85
106                android:name="com.google.firebase.components:com.google.firebase.appcheck.FirebaseAppCheckKtxRegistrar"
106-->[com.google.firebase:firebase-appcheck:17.1.1] AndroidManifest.xml:26:17-120
107                android:value="com.google.firebase.components.ComponentRegistrar" />
107-->[com.google.firebase:firebase-appcheck:17.1.1] AndroidManifest.xml:27:17-82
108            <meta-data
108-->[com.google.firebase:firebase-appcheck:17.1.1] AndroidManifest.xml:28:13-30:85
109                android:name="com.google.firebase.components:com.google.firebase.appcheck.FirebaseAppCheckRegistrar"
109-->[com.google.firebase:firebase-appcheck:17.1.1] AndroidManifest.xml:29:17-117
110                android:value="com.google.firebase.components.ComponentRegistrar" />
110-->[com.google.firebase:firebase-appcheck:17.1.1] AndroidManifest.xml:30:17-82
111            <meta-data
111-->[com.google.firebase:firebase-iid:21.1.0] AndroidManifest.xml:32:13-34:85
112                android:name="com.google.firebase.components:com.google.firebase.iid.Registrar"
112-->[com.google.firebase:firebase-iid:21.1.0] AndroidManifest.xml:33:17-96
113                android:value="com.google.firebase.components.ComponentRegistrar" />
113-->[com.google.firebase:firebase-iid:21.1.0] AndroidManifest.xml:34:17-82
114            <meta-data
114-->[com.google.firebase:firebase-installations:17.2.0] AndroidManifest.xml:15:13-17:85
115                android:name="com.google.firebase.components:com.google.firebase.installations.FirebaseInstallationsKtxRegistrar"
115-->[com.google.firebase:firebase-installations:17.2.0] AndroidManifest.xml:16:17-130
116                android:value="com.google.firebase.components.ComponentRegistrar" />
116-->[com.google.firebase:firebase-installations:17.2.0] AndroidManifest.xml:17:17-82
117            <meta-data
117-->[com.google.firebase:firebase-installations:17.2.0] AndroidManifest.xml:18:13-20:85
118                android:name="com.google.firebase.components:com.google.firebase.installations.FirebaseInstallationsRegistrar"
118-->[com.google.firebase:firebase-installations:17.2.0] AndroidManifest.xml:19:17-127
119                android:value="com.google.firebase.components.ComponentRegistrar" />
119-->[com.google.firebase:firebase-installations:17.2.0] AndroidManifest.xml:20:17-82
120            <meta-data
120-->[com.google.firebase:firebase-common-ktx:20.4.2] AndroidManifest.xml:12:13-14:85
121                android:name="com.google.firebase.components:com.google.firebase.ktx.FirebaseCommonLegacyRegistrar"
121-->[com.google.firebase:firebase-common-ktx:20.4.2] AndroidManifest.xml:13:17-116
122                android:value="com.google.firebase.components.ComponentRegistrar" />
122-->[com.google.firebase:firebase-common-ktx:20.4.2] AndroidManifest.xml:14:17-82
123            <meta-data
123-->[com.google.firebase:firebase-common:20.4.2] AndroidManifest.xml:35:13-37:85
124                android:name="com.google.firebase.components:com.google.firebase.FirebaseCommonKtxRegistrar"
124-->[com.google.firebase:firebase-common:20.4.2] AndroidManifest.xml:36:17-109
125                android:value="com.google.firebase.components.ComponentRegistrar" />
125-->[com.google.firebase:firebase-common:20.4.2] AndroidManifest.xml:37:17-82
126        </service>
127
128        <provider
128-->[:image_picker_android] AndroidManifest.xml:10:9-18:20
129            android:name="io.flutter.plugins.imagepicker.ImagePickerFileProvider"
129-->[:image_picker_android] AndroidManifest.xml:11:13-82
130            android:authorities="com.example.amazon_app.flutter.image_provider"
130-->[:image_picker_android] AndroidManifest.xml:12:13-74
131            android:exported="false"
131-->[:image_picker_android] AndroidManifest.xml:13:13-37
132            android:grantUriPermissions="true" >
132-->[:image_picker_android] AndroidManifest.xml:14:13-47
133            <meta-data
133-->[:image_picker_android] AndroidManifest.xml:15:13-17:75
134                android:name="android.support.FILE_PROVIDER_PATHS"
134-->[:image_picker_android] AndroidManifest.xml:16:17-67
135                android:resource="@xml/flutter_image_picker_file_paths" />
135-->[:image_picker_android] AndroidManifest.xml:17:17-72
136        </provider>
137
138        <activity
138-->[:url_launcher_android] AndroidManifest.xml:10:9-13:74
139            android:name="io.flutter.plugins.urllauncher.WebViewActivity"
139-->[:url_launcher_android] AndroidManifest.xml:11:13-74
140            android:exported="false"
140-->[:url_launcher_android] AndroidManifest.xml:12:13-37
141            android:theme="@android:style/Theme.NoTitleBar.Fullscreen" />
141-->[:url_launcher_android] AndroidManifest.xml:13:13-71
142        <activity
142-->[com.google.firebase:firebase-auth:22.3.0] AndroidManifest.xml:29:9-46:20
143            android:name="com.google.firebase.auth.internal.GenericIdpActivity"
143-->[com.google.firebase:firebase-auth:22.3.0] AndroidManifest.xml:30:13-80
144            android:excludeFromRecents="true"
144-->[com.google.firebase:firebase-auth:22.3.0] AndroidManifest.xml:31:13-46
145            android:exported="true"
145-->[com.google.firebase:firebase-auth:22.3.0] AndroidManifest.xml:32:13-36
146            android:launchMode="singleTask"
146-->[com.google.firebase:firebase-auth:22.3.0] AndroidManifest.xml:33:13-44
147            android:theme="@android:style/Theme.Translucent.NoTitleBar" >
147-->[com.google.firebase:firebase-auth:22.3.0] AndroidManifest.xml:34:13-72
148            <intent-filter>
148-->[com.google.firebase:firebase-auth:22.3.0] AndroidManifest.xml:35:13-45:29
149                <action android:name="android.intent.action.VIEW" />
149-->[com.google.firebase:firebase-auth:22.3.0] AndroidManifest.xml:36:17-69
149-->[com.google.firebase:firebase-auth:22.3.0] AndroidManifest.xml:36:25-66
150
151                <category android:name="android.intent.category.DEFAULT" />
151-->[com.google.firebase:firebase-auth:22.3.0] AndroidManifest.xml:38:17-76
151-->[com.google.firebase:firebase-auth:22.3.0] AndroidManifest.xml:38:27-73
152                <category android:name="android.intent.category.BROWSABLE" />
152-->[com.google.firebase:firebase-auth:22.3.0] AndroidManifest.xml:39:17-78
152-->[com.google.firebase:firebase-auth:22.3.0] AndroidManifest.xml:39:27-75
153
154                <data
154-->[com.google.firebase:firebase-auth:22.3.0] AndroidManifest.xml:41:17-44:51
155                    android:host="firebase.auth"
155-->[com.google.firebase:firebase-auth:22.3.0] AndroidManifest.xml:42:21-49
156                    android:path="/"
156-->[com.google.firebase:firebase-auth:22.3.0] AndroidManifest.xml:43:21-37
157                    android:scheme="genericidp" />
157-->[com.google.firebase:firebase-auth:22.3.0] AndroidManifest.xml:44:21-48
158            </intent-filter>
159        </activity>
160        <activity
160-->[com.google.firebase:firebase-auth:22.3.0] AndroidManifest.xml:47:9-64:20
161            android:name="com.google.firebase.auth.internal.RecaptchaActivity"
161-->[com.google.firebase:firebase-auth:22.3.0] AndroidManifest.xml:48:13-79
162            android:excludeFromRecents="true"
162-->[com.google.firebase:firebase-auth:22.3.0] AndroidManifest.xml:49:13-46
163            android:exported="true"
163-->[com.google.firebase:firebase-auth:22.3.0] AndroidManifest.xml:50:13-36
164            android:launchMode="singleTask"
164-->[com.google.firebase:firebase-auth:22.3.0] AndroidManifest.xml:51:13-44
165            android:theme="@android:style/Theme.Translucent.NoTitleBar" >
165-->[com.google.firebase:firebase-auth:22.3.0] AndroidManifest.xml:52:13-72
166            <intent-filter>
166-->[com.google.firebase:firebase-auth:22.3.0] AndroidManifest.xml:53:13-63:29
167                <action android:name="android.intent.action.VIEW" />
167-->[com.google.firebase:firebase-auth:22.3.0] AndroidManifest.xml:36:17-69
167-->[com.google.firebase:firebase-auth:22.3.0] AndroidManifest.xml:36:25-66
168
169                <category android:name="android.intent.category.DEFAULT" />
169-->[com.google.firebase:firebase-auth:22.3.0] AndroidManifest.xml:38:17-76
169-->[com.google.firebase:firebase-auth:22.3.0] AndroidManifest.xml:38:27-73
170                <category android:name="android.intent.category.BROWSABLE" />
170-->[com.google.firebase:firebase-auth:22.3.0] AndroidManifest.xml:39:17-78
170-->[com.google.firebase:firebase-auth:22.3.0] AndroidManifest.xml:39:27-75
171
172                <data
172-->[com.google.firebase:firebase-auth:22.3.0] AndroidManifest.xml:41:17-44:51
173                    android:host="firebase.auth"
173-->[com.google.firebase:firebase-auth:22.3.0] AndroidManifest.xml:42:21-49
174                    android:path="/"
174-->[com.google.firebase:firebase-auth:22.3.0] AndroidManifest.xml:43:21-37
175                    android:scheme="recaptcha" />
175-->[com.google.firebase:firebase-auth:22.3.0] AndroidManifest.xml:44:21-48
176            </intent-filter>
177        </activity>
178
179        <provider
179-->[com.google.firebase:firebase-common:20.4.2] AndroidManifest.xml:23:9-28:39
180            android:name="com.google.firebase.provider.FirebaseInitProvider"
180-->[com.google.firebase:firebase-common:20.4.2] AndroidManifest.xml:24:13-77
181            android:authorities="com.example.amazon_app.firebaseinitprovider"
181-->[com.google.firebase:firebase-common:20.4.2] AndroidManifest.xml:25:13-72
182            android:directBootAware="true"
182-->[com.google.firebase:firebase-common:20.4.2] AndroidManifest.xml:26:13-43
183            android:exported="false"
183-->[com.google.firebase:firebase-common:20.4.2] AndroidManifest.xml:27:13-37
184            android:initOrder="100" />
184-->[com.google.firebase:firebase-common:20.4.2] AndroidManifest.xml:28:13-36
185
186        <activity
186-->[com.google.android.gms:play-services-base:18.1.0] AndroidManifest.xml:20:9-22:45
187            android:name="com.google.android.gms.common.api.GoogleApiActivity"
187-->[com.google.android.gms:play-services-base:18.1.0] AndroidManifest.xml:20:19-85
188            android:exported="false"
188-->[com.google.android.gms:play-services-base:18.1.0] AndroidManifest.xml:22:19-43
189            android:theme="@android:style/Theme.Translucent.NoTitleBar" />
189-->[com.google.android.gms:play-services-base:18.1.0] AndroidManifest.xml:21:19-78
190
191        <meta-data
191-->[com.google.android.gms:play-services-basement:18.1.0] AndroidManifest.xml:21:9-23:69
192            android:name="com.google.android.gms.version"
192-->[com.google.android.gms:play-services-basement:18.1.0] AndroidManifest.xml:22:13-58
193            android:value="@integer/google_play_services_version" />
193-->[com.google.android.gms:play-services-basement:18.1.0] AndroidManifest.xml:23:13-66
194
195        <uses-library
195-->[androidx.window:window:1.0.0-beta04] AndroidManifest.xml:25:9-27:40
196            android:name="androidx.window.extensions"
196-->[androidx.window:window:1.0.0-beta04] AndroidManifest.xml:26:13-54
197            android:required="false" />
197-->[androidx.window:window:1.0.0-beta04] AndroidManifest.xml:27:13-37
198        <uses-library
198-->[androidx.window:window:1.0.0-beta04] AndroidManifest.xml:28:9-30:40
199            android:name="androidx.window.sidecar"
199-->[androidx.window:window:1.0.0-beta04] AndroidManifest.xml:29:13-51
200            android:required="false" />
200-->[androidx.window:window:1.0.0-beta04] AndroidManifest.xml:30:13-37
201
202        <provider
202-->[androidx.profileinstaller:profileinstaller:1.3.0] AndroidManifest.xml:24:9-32:20
203            android:name="androidx.startup.InitializationProvider"
203-->[androidx.profileinstaller:profileinstaller:1.3.0] AndroidManifest.xml:25:13-67
204            android:authorities="com.example.amazon_app.androidx-startup"
204-->[androidx.profileinstaller:profileinstaller:1.3.0] AndroidManifest.xml:26:13-68
205            android:exported="false" >
205-->[androidx.profileinstaller:profileinstaller:1.3.0] AndroidManifest.xml:27:13-37
206            <meta-data
206-->[androidx.profileinstaller:profileinstaller:1.3.0] AndroidManifest.xml:29:13-31:52
207                android:name="androidx.profileinstaller.ProfileInstallerInitializer"
207-->[androidx.profileinstaller:profileinstaller:1.3.0] AndroidManifest.xml:30:17-85
208                android:value="androidx.startup" />
208-->[androidx.profileinstaller:profileinstaller:1.3.0] AndroidManifest.xml:31:17-49
209        </provider>
210
211        <receiver
211-->[androidx.profileinstaller:profileinstaller:1.3.0] AndroidManifest.xml:34:9-52:20
212            android:name="androidx.profileinstaller.ProfileInstallReceiver"
212-->[androidx.profileinstaller:profileinstaller:1.3.0] AndroidManifest.xml:35:13-76
213            android:directBootAware="false"
213-->[androidx.profileinstaller:profileinstaller:1.3.0] AndroidManifest.xml:36:13-44
214            android:enabled="true"
214-->[androidx.profileinstaller:profileinstaller:1.3.0] AndroidManifest.xml:37:13-35
215            android:exported="true"
215-->[androidx.profileinstaller:profileinstaller:1.3.0] AndroidManifest.xml:38:13-36
216            android:permission="android.permission.DUMP" >
216-->[androidx.profileinstaller:profileinstaller:1.3.0] AndroidManifest.xml:39:13-57
217            <intent-filter>
217-->[androidx.profileinstaller:profileinstaller:1.3.0] AndroidManifest.xml:40:13-42:29
218                <action android:name="androidx.profileinstaller.action.INSTALL_PROFILE" />
218-->[androidx.profileinstaller:profileinstaller:1.3.0] AndroidManifest.xml:41:17-91
218-->[androidx.profileinstaller:profileinstaller:1.3.0] AndroidManifest.xml:41:25-88
219            </intent-filter>
220            <intent-filter>
220-->[androidx.profileinstaller:profileinstaller:1.3.0] AndroidManifest.xml:43:13-45:29
221                <action android:name="androidx.profileinstaller.action.SKIP_FILE" />
221-->[androidx.profileinstaller:profileinstaller:1.3.0] AndroidManifest.xml:44:17-85
221-->[androidx.profileinstaller:profileinstaller:1.3.0] AndroidManifest.xml:44:25-82
222            </intent-filter>
223            <intent-filter>
223-->[androidx.profileinstaller:profileinstaller:1.3.0] AndroidManifest.xml:46:13-48:29
224                <action android:name="androidx.profileinstaller.action.SAVE_PROFILE" />
224-->[androidx.profileinstaller:profileinstaller:1.3.0] AndroidManifest.xml:47:17-88
224-->[androidx.profileinstaller:profileinstaller:1.3.0] AndroidManifest.xml:47:25-85
225            </intent-filter>
226            <intent-filter>
226-->[androidx.profileinstaller:profileinstaller:1.3.0] AndroidManifest.xml:49:13-51:29
227                <action android:name="androidx.profileinstaller.action.BENCHMARK_OPERATION" />
227-->[androidx.profileinstaller:profileinstaller:1.3.0] AndroidManifest.xml:50:17-95
227-->[androidx.profileinstaller:profileinstaller:1.3.0] AndroidManifest.xml:50:25-92
228            </intent-filter>
229        </receiver>
230    </application>
231
232</manifest>